build/app/outputs/mapping/release/usage.txt
com.example.news.R$attr
com.example.news.R$style
com.example.news.R$dimen
com.example.news.R$mipmap
com.example.news.R$id
com.example.news.R$integer
com.example.news.BuildConfig
com.example.news.R
com.example.news.R$styleable
com.example.news.R$color
com.example.news.R$drawable
com.example.news.R$string
com.example.news.R$layout
...
androidx.core.os.CancellationSignal
androidx.core.app.NotificationCompat$BadgeIconType
org.jetbrains.annotations.NotNull
androidx.loader.app.LoaderManagerImpl
kotlin.text.CharDirectionality$Companion$directionalityMap$2
androidx.loader.app.LoaderManager
kotlin.comparisons.ComparisonsKt__ComparisonsKt$thenByDescending$1
androidx.fragment.app.FragmentTransition$4
androidx.core.provider.SelfDestructiveThread$2
androidx.fragment.app.FragmentState
androidx.loader.R$integer
androidx.core.graphics.TypefaceCompatApi26Impl
androidx.core.view.DragStartHelper$2
android.support.v4.os.IResultReceiver$Stub
kotlin.collections.CollectionsKt__IteratorsKt
androidx.arch.core.util.Function
kotlin.text.RegexOption
android.support.v4.app.INotificationSideChannel$Stub$Proxy
io.flutter.view.FlutterNativeView$1
kotlin.UByteArray$Iterator
kotlin.sequences.SequencesKt___SequencesKt$requireNoNulls$1
kotlin.comparisons.ComparisonsKt__ComparisonsKt$nullsFirst$1
androidx.lifecycle.MediatorLiveData
org.intellij.lang.annotations.JdkConstants$CursorType
kotlin.ULongKt
androidx.annotation.RequiresPermission$Write
androidx.core.graphics.drawable.IconCompat:
    public static androidx.core.graphics.drawable.IconCompat createWithResource(android.content.Context,int)
    public static androidx.core.graphics.drawable.IconCompat createWithResource(android.content.res.Resources,java.lang.String,int)
    public static androidx.core.graphics.drawable.IconCompat createWithBitmap(android.graphics.Bitmap)
    public static androidx.core.graphics.drawable.IconCompat createWithAdaptiveBitmap(android.graphics.Bitmap)
    public static androidx.core.graphics.drawable.IconCompat createWithData(byte[],int,int)
    public static androidx.core.graphics.drawable.IconCompat createWithContentUri(java.lang.String)
    public static androidx.core.graphics.drawable.IconCompat createWithContentUri(android.net.Uri)
    private void <init>(int)
    private android.graphics.drawable.Drawable loadDrawableInner(android.content.Context)
    private static android.content.res.Resources getResources(android.content.Context,java.lang.String)
    public static androidx.core.graphics.drawable.IconCompat createFromBundle(android.os.Bundle)
    public static androidx.core.graphics.drawable.IconCompat createFromIcon(android.content.Context,android.graphics.drawable.Icon)
    public static androidx.core.graphics.drawable.IconCompat createFromIcon(android.graphics.drawable.Icon)
    private static int getType(android.graphics.drawable.Icon)
    private static android.net.Uri getUri(android.graphics.drawable.Icon)
kotlin.jvm.internal.ArrayFloatIterator
kotlin.jvm.internal.Lambda
androidx.core.content.res.GradientColorInflaterCompat
io.flutter.embedding.engine.dart.DartMessenger:
    public void send(java.lang.String,java.nio.ByteBuffer)
    public int getPendingChannelResponseCount()
    private static final java.lang.String TAG
kotlin.coroutines.jvm.internal.BaseContinuationImpl
kotlin.sequences.MergingSequence
kotlin.internal.ContractsDsl
androidx.core.view.accessibility.AccessibilityViewCommand$MoveAtGranularityArguments
androidx.core.view.inputmethod.InputConnectionCompat$OnCommitContentListener
androidx.loader.R$string
kotlin.sequences.TakeSequence$iterator$1
androidx.customview.view.AbsSavedState